

STARTED @ 09:38:43
[INFO] No /Applications/MAMP/htdocs/home24/build/vars.json file found
[INFO] No /Applications/MAMP/htdocs/home24/build/vars.json file found
malta v.1.0.14
malta v.1.0.14
[INFO] No /Applications/MAMP/htdocs/home24/build/vars.json file found
malta v.1.0.14
Build 349 @ 9:38:43
wrote /Applications/MAMP/htdocs/home24/css/h24.css (5.24 KB)
in 93ms
----------------
watching 7 files
================

Build 296 @ 9:38:43
wrote /Applications/MAMP/htdocs/home24/js/models.js (6.02 KB)
wrote /Applications/MAMP/htdocs/home24/js/models.min.js (4.04 KB)
in 158ms
----------------
watching 7 files
================

Build 221 @ 9:38:43
wrote /Applications/MAMP/htdocs/home24/js/h24.js (23.95 KB)
wrote /Applications/MAMP/htdocs/home24/js/h24.min.js (8.66 KB)
in 330ms
-----------------
watching 13 files
=================

Build 222 @ 9:40:34
wrote /Applications/MAMP/htdocs/home24/js/h24.js (24.15 KB)
wrote /Applications/MAMP/htdocs/home24/js/h24.min.js (8.82 KB)
in 258ms
-----------------
watching 14 files
=================

Build 350 @ 9:41:10
wrote /Applications/MAMP/htdocs/home24/css/h24.css (5.30 KB)
in 31ms
----------------
watching 7 files
================

Build 297 @ 9:45:37
wrote /Applications/MAMP/htdocs/home24/js/models.js (6.02 KB)
wrote /Applications/MAMP/htdocs/home24/js/models.min.js (4.04 KB)
in 50ms
----------------
watching 7 files
================

Build 223 @ 9:50:54
wrote /Applications/MAMP/htdocs/home24/js/h24.js (24.21 KB)
wrote /Applications/MAMP/htdocs/home24/js/h24.min.js (8.84 KB)
in 142ms
-----------------
watching 14 files
=================

Build 224 @ 9:52:56
wrote /Applications/MAMP/htdocs/home24/js/h24.js (24.21 KB)
wrote /Applications/MAMP/htdocs/home24/js/h24.min.js (8.84 KB)
in 155ms
-----------------
watching 14 files
=================

Build 225 @ 9:54:4
wrote /Applications/MAMP/htdocs/home24/js/h24.js (24.21 KB)
wrote /Applications/MAMP/htdocs/home24/js/h24.min.js (8.84 KB)
in 166ms
-----------------
watching 14 files
=================

Build 226 @ 9:55:1
wrote /Applications/MAMP/htdocs/home24/js/h24.js (24.25 KB)
wrote /Applications/MAMP/htdocs/home24/js/h24.min.js (8.82 KB)
in 138ms
-----------------
watching 14 files
=================

Build 227 @ 10:0:7
wrote /Applications/MAMP/htdocs/home24/js/h24.js (24.26 KB)
wrote /Applications/MAMP/htdocs/home24/js/h24.min.js (8.84 KB)
in 117ms
-----------------
watching 14 files
=================

Build 228 @ 10:1:54
wrote /Applications/MAMP/htdocs/home24/js/h24.js (24.38 KB)
wrote /Applications/MAMP/htdocs/home24/js/h24.min.js (8.69 KB)
in 199ms
-----------------
watching 14 files
=================

Build 229 @ 10:2:2
wrote /Applications/MAMP/htdocs/home24/js/h24.js (24.39 KB)
wrote /Applications/MAMP/htdocs/home24/js/h24.min.js (8.69 KB)
in 119ms
-----------------
watching 14 files
=================

Build 230 @ 10:2:6
wrote /Applications/MAMP/htdocs/home24/js/h24.js (24.39 KB)
wrote /Applications/MAMP/htdocs/home24/js/h24.min.js (8.69 KB)
in 116ms
-----------------
watching 14 files
=================

Build 231 @ 10:2:36
wrote /Applications/MAMP/htdocs/home24/js/h24.js (24.38 KB)
wrote /Applications/MAMP/htdocs/home24/js/h24.min.js (8.68 KB)
in 106ms
-----------------
watching 14 files
=================

Build 232 @ 10:3:30
wrote /Applications/MAMP/htdocs/home24/js/h24.js (24.40 KB)
wrote /Applications/MAMP/htdocs/home24/js/h24.min.js (8.71 KB)
in 138ms
-----------------
watching 14 files
=================

Build 233 @ 10:3:41
wrote /Applications/MAMP/htdocs/home24/js/h24.js (24.40 KB)
wrote /Applications/MAMP/htdocs/home24/js/h24.min.js (8.71 KB)
in 112ms
-----------------
watching 14 files
=================

Build 234 @ 10:5:31
wrote /Applications/MAMP/htdocs/home24/js/h24.js (24.38 KB)
wrote /Applications/MAMP/htdocs/home24/js/h24.min.js (8.69 KB)
in 143ms
-----------------
watching 14 files
=================

Build 298 @ 10:11:24
wrote /Applications/MAMP/htdocs/home24/js/models.js (6.04 KB)
wrote /Applications/MAMP/htdocs/home24/js/models.min.js (4.05 KB)
in 61ms
----------------
watching 7 files
================

Build 299 @ 10:11:26
wrote /Applications/MAMP/htdocs/home24/js/models.js (6.04 KB)
wrote /Applications/MAMP/htdocs/home24/js/models.min.js (4.05 KB)
in 58ms
----------------
watching 7 files
================

Build 351 @ 10:40:38
wrote /Applications/MAMP/htdocs/home24/css/h24.css (5.24 KB)
in 20ms
----------------
watching 7 files
================

[WARNING] missing file /Applications/MAMP/htdocs/home24/build/css/minishim.less
Build 352 @ 10:41:15
wrote /Applications/MAMP/htdocs/home24/css/h24.css (5.28 KB)
in 15ms
----------------
watching 7 files
================

Build 235 @ 10:41:24
wrote /Applications/MAMP/htdocs/home24/js/h24.js (24.18 KB)
wrote /Applications/MAMP/htdocs/home24/js/h24.min.js (8.53 KB)
in 98ms
-----------------
watching 13 files
=================

[WARNING] missing file /Applications/MAMP/htdocs/home24/build/css/minishim.less
Build 353 @ 10:42:42
wrote /Applications/MAMP/htdocs/home24/css/h24.css (5.28 KB)
in 28ms
----------------
watching 7 files
================

[WARNING] missing file /Applications/MAMP/htdocs/home24/build/css/minishim.less
Build 354 @ 10:43:48
wrote /Applications/MAMP/htdocs/home24/css/h24.css (5.26 KB)
in 15ms
----------------
watching 7 files
================

[WARNING] missing file /Applications/MAMP/htdocs/home24/build/css/minishim.less
Build 355 @ 10:44:2
wrote /Applications/MAMP/htdocs/home24/css/h24.css (5.28 KB)
in 12ms
----------------
watching 7 files
================

[WARNING] missing file /Applications/MAMP/htdocs/home24/build/css/minishim.less
Build 356 @ 10:44:4
wrote /Applications/MAMP/htdocs/home24/css/h24.css (5.28 KB)
in 16ms
----------------
watching 7 files
================

[WARNING] missing file /Applications/MAMP/htdocs/home24/build/css/minishim.less
Build 357 @ 10:44:38
wrote /Applications/MAMP/htdocs/home24/css/h24.css (5.28 KB)
in 17ms
----------------
watching 7 files
================

Build 300 @ 10:46:39
wrote /Applications/MAMP/htdocs/home24/js/models.js (6.04 KB)
wrote /Applications/MAMP/htdocs/home24/js/models.min.js (4.05 KB)
in 40ms
----------------
watching 7 files
================

Build 236 @ 10:49:52
wrote /Applications/MAMP/htdocs/home24/js/h24.js (24.47 KB)
wrote /Applications/MAMP/htdocs/home24/js/h24.min.js (8.53 KB)
in 135ms
-----------------
watching 13 files
=================

Build 237 @ 10:51:47
wrote /Applications/MAMP/htdocs/home24/js/h24.js (24.26 KB)
wrote /Applications/MAMP/htdocs/home24/js/h24.min.js (8.53 KB)
in 160ms
-----------------
watching 13 files
=================

Build 238 @ 10:51:49
wrote /Applications/MAMP/htdocs/home24/js/h24.js (24.26 KB)
wrote /Applications/MAMP/htdocs/home24/js/h24.min.js (8.53 KB)
in 116ms
-----------------
watching 13 files
=================

Build 239 @ 10:51:51
wrote /Applications/MAMP/htdocs/home24/js/h24.js (24.26 KB)
wrote /Applications/MAMP/htdocs/home24/js/h24.min.js (8.53 KB)
in 139ms
-----------------
watching 13 files
=================

[WARNING] missing file /Applications/MAMP/htdocs/home24/build/css/myminishim.less
Build 358 @ 10:52:7
wrote /Applications/MAMP/htdocs/home24/css/h24.css (5.28 KB)
in 13ms
----------------
watching 7 files
================

Build 301 @ 12:0:26
wrote /Applications/MAMP/htdocs/home24/js/models.js (6.04 KB)
wrote /Applications/MAMP/htdocs/home24/js/models.min.js (4.03 KB)
in 31ms
----------------
watching 7 files
================

Build 240 @ 12:3:42
wrote /Applications/MAMP/htdocs/home24/js/h24.js (24.26 KB)
wrote /Applications/MAMP/htdocs/home24/js/h24.min.js (8.52 KB)
in 99ms
-----------------
watching 13 files
=================

Build 302 @ 12:7:50
wrote /Applications/MAMP/htdocs/home24/js/models.js (6.04 KB)
wrote /Applications/MAMP/htdocs/home24/js/models.min.js (4.03 KB)
in 36ms
----------------
watching 7 files
================

Build 303 @ 12:10:31
wrote /Applications/MAMP/htdocs/home24/js/models.js (5.91 KB)
wrote /Applications/MAMP/htdocs/home24/js/models.min.js (3.99 KB)
in 55ms
----------------
watching 7 files
================

Build 304 @ 12:10:55
wrote /Applications/MAMP/htdocs/home24/js/models.js (5.91 KB)
wrote /Applications/MAMP/htdocs/home24/js/models.min.js (3.99 KB)
in 35ms
----------------
watching 7 files
================

Build 305 @ 12:11:15
wrote /Applications/MAMP/htdocs/home24/js/models.js (5.91 KB)
wrote /Applications/MAMP/htdocs/home24/js/models.min.js (3.99 KB)
in 35ms
----------------
watching 7 files
================

Build 306 @ 12:12:12
wrote /Applications/MAMP/htdocs/home24/js/models.js (5.91 KB)
wrote /Applications/MAMP/htdocs/home24/js/models.min.js (3.99 KB)
in 34ms
----------------
watching 7 files
================

Build 307 @ 12:14:16
wrote /Applications/MAMP/htdocs/home24/js/models.js (5.93 KB)
wrote /Applications/MAMP/htdocs/home24/js/models.min.js (3.99 KB)
in 35ms
----------------
watching 7 files
================

Build 308 @ 12:15:23
wrote /Applications/MAMP/htdocs/home24/js/models.js (5.92 KB)
wrote /Applications/MAMP/htdocs/home24/js/models.min.js (4.00 KB)
in 34ms
----------------
watching 7 files
================

Build 309 @ 12:15:24
wrote /Applications/MAMP/htdocs/home24/js/models.js (5.92 KB)
wrote /Applications/MAMP/htdocs/home24/js/models.min.js (4.00 KB)
in 33ms
----------------
watching 7 files
================

Build 310 @ 12:16:24
wrote /Applications/MAMP/htdocs/home24/js/models.js (6.00 KB)
wrote /Applications/MAMP/htdocs/home24/js/models.min.js (4.02 KB)
in 34ms
----------------
watching 7 files
================

Build 311 @ 12:16:25
wrote /Applications/MAMP/htdocs/home24/js/models.js (6.00 KB)
wrote /Applications/MAMP/htdocs/home24/js/models.min.js (4.02 KB)
in 33ms
----------------
watching 7 files
================

Build 312 @ 12:17:16
wrote /Applications/MAMP/htdocs/home24/js/models.js (5.92 KB)
wrote /Applications/MAMP/htdocs/home24/js/models.min.js (3.99 KB)
in 53ms
----------------
watching 7 files
================

Build 313 @ 12:17:35
wrote /Applications/MAMP/htdocs/home24/js/models.js (5.91 KB)
wrote /Applications/MAMP/htdocs/home24/js/models.min.js (3.99 KB)
in 31ms
----------------
watching 7 files
================

Build 314 @ 12:18:29
wrote /Applications/MAMP/htdocs/home24/js/models.js (5.92 KB)
wrote /Applications/MAMP/htdocs/home24/js/models.min.js (3.99 KB)
in 29ms
----------------
watching 7 files
================

Build 315 @ 12:18:42
wrote /Applications/MAMP/htdocs/home24/js/models.js (5.92 KB)
wrote /Applications/MAMP/htdocs/home24/js/models.min.js (3.99 KB)
in 29ms
----------------
watching 7 files
================

Build 316 @ 12:19:6
wrote /Applications/MAMP/htdocs/home24/js/models.js (6.04 KB)
wrote /Applications/MAMP/htdocs/home24/js/models.min.js (4.03 KB)
in 30ms
----------------
watching 7 files
================

Build 317 @ 12:20:23
wrote /Applications/MAMP/htdocs/home24/js/models.js (5.92 KB)
wrote /Applications/MAMP/htdocs/home24/js/models.min.js (3.99 KB)
in 39ms
----------------
watching 7 files
================

Build 318 @ 12:20:24
wrote /Applications/MAMP/htdocs/home24/js/models.js (5.92 KB)
wrote /Applications/MAMP/htdocs/home24/js/models.min.js (3.99 KB)
in 40ms
----------------
watching 7 files
================

Build 319 @ 12:21:38
wrote /Applications/MAMP/htdocs/home24/js/models.js (5.94 KB)
wrote /Applications/MAMP/htdocs/home24/js/models.min.js (3.99 KB)
in 30ms
----------------
watching 7 files
================

Build 320 @ 12:22:56
wrote /Applications/MAMP/htdocs/home24/js/models.js (5.93 KB)
wrote /Applications/MAMP/htdocs/home24/js/models.min.js (3.98 KB)
in 51ms
----------------
watching 7 files
================

Build 321 @ 12:22:58
wrote /Applications/MAMP/htdocs/home24/js/models.js (5.93 KB)
wrote /Applications/MAMP/htdocs/home24/js/models.min.js (3.98 KB)
in 49ms
----------------
watching 7 files
================

Build 322 @ 12:23:19
wrote /Applications/MAMP/htdocs/home24/js/models.js (5.93 KB)
wrote /Applications/MAMP/htdocs/home24/js/models.min.js (3.98 KB)
in 32ms
----------------
watching 7 files
================

Build 323 @ 12:29:47
wrote /Applications/MAMP/htdocs/home24/js/models.js (5.93 KB)
wrote /Applications/MAMP/htdocs/home24/js/models.min.js (3.96 KB)
in 41ms
----------------
watching 7 files
================

Build 324 @ 12:30:24
wrote /Applications/MAMP/htdocs/home24/js/models.js (5.99 KB)
wrote /Applications/MAMP/htdocs/home24/js/models.min.js (3.96 KB)
in 42ms
----------------
watching 7 files
================

Build 325 @ 12:30:29
wrote /Applications/MAMP/htdocs/home24/js/models.js (6.01 KB)
wrote /Applications/MAMP/htdocs/home24/js/models.min.js (3.96 KB)
in 50ms
----------------
watching 7 files
================

Build 326 @ 12:31:21
wrote /Applications/MAMP/htdocs/home24/js/models.js (6.02 KB)
wrote /Applications/MAMP/htdocs/home24/js/models.min.js (3.96 KB)
in 39ms
----------------
watching 7 files
================

Build 327 @ 12:32:32
wrote /Applications/MAMP/htdocs/home24/js/models.js (6.02 KB)
wrote /Applications/MAMP/htdocs/home24/js/models.min.js (3.96 KB)
in 31ms
----------------
watching 7 files
================

Build 241 @ 12:39:30
wrote /Applications/MAMP/htdocs/home24/js/h24.js (24.68 KB)
wrote /Applications/MAMP/htdocs/home24/js/h24.min.js (8.52 KB)
in 127ms
-----------------
watching 13 files
=================

Build 242 @ 12:40:55
wrote /Applications/MAMP/htdocs/home24/js/h24.js (24.79 KB)
wrote /Applications/MAMP/htdocs/home24/js/h24.min.js (8.52 KB)
in 155ms
-----------------
watching 13 files
=================

Build 243 @ 12:42:16
wrote /Applications/MAMP/htdocs/home24/js/h24.js (25.03 KB)
wrote /Applications/MAMP/htdocs/home24/js/h24.min.js (8.52 KB)
in 140ms
-----------------
watching 13 files
=================

Build 244 @ 12:42:59
wrote /Applications/MAMP/htdocs/home24/js/h24.js (24.98 KB)
wrote /Applications/MAMP/htdocs/home24/js/h24.min.js (8.52 KB)
in 135ms
-----------------
watching 13 files
=================

Build 245 @ 12:43:53
wrote /Applications/MAMP/htdocs/home24/js/h24.js (25.03 KB)
wrote /Applications/MAMP/htdocs/home24/js/h24.min.js (8.52 KB)
in 167ms
-----------------
watching 13 files
=================

Build 246 @ 12:44:14
wrote /Applications/MAMP/htdocs/home24/js/h24.js (24.78 KB)
wrote /Applications/MAMP/htdocs/home24/js/h24.min.js (8.40 KB)
in 110ms
-----------------
watching 13 files
=================

Build 247 @ 12:44:40
wrote /Applications/MAMP/htdocs/home24/js/h24.js (24.78 KB)
wrote /Applications/MAMP/htdocs/home24/js/h24.min.js (8.40 KB)
in 138ms
-----------------
watching 13 files
=================

Build 248 @ 12:45:26
wrote /Applications/MAMP/htdocs/home24/js/h24.js (24.45 KB)
wrote /Applications/MAMP/htdocs/home24/js/h24.min.js (8.25 KB)
in 108ms
-----------------
watching 13 files
=================

Build 249 @ 12:48:10
wrote /Applications/MAMP/htdocs/home24/js/h24.js (24.53 KB)
wrote /Applications/MAMP/htdocs/home24/js/h24.min.js (8.25 KB)
in 115ms
-----------------
watching 13 files
=================

Build 328 @ 14:14:2
wrote /Applications/MAMP/htdocs/home24/js/models.js (6.02 KB)
wrote /Applications/MAMP/htdocs/home24/js/models.min.js (3.96 KB)
in 30ms
----------------
watching 7 files
================

Build 250 @ 14:17:56
wrote /Applications/MAMP/htdocs/home24/js/h24.js (24.70 KB)
wrote /Applications/MAMP/htdocs/home24/js/h24.min.js (8.25 KB)
in 94ms
-----------------
watching 13 files
=================

Build 251 @ 14:18:4
wrote /Applications/MAMP/htdocs/home24/js/h24.js (24.71 KB)
wrote /Applications/MAMP/htdocs/home24/js/h24.min.js (8.25 KB)
in 126ms
-----------------
watching 13 files
=================

Build 329 @ 14:19:11
wrote /Applications/MAMP/htdocs/home24/js/models.js (5.79 KB)
wrote /Applications/MAMP/htdocs/home24/js/models.min.js (3.81 KB)
in 27ms
----------------
watching 7 files
================

Build 330 @ 14:19:52
wrote /Applications/MAMP/htdocs/home24/js/models.js (5.90 KB)
wrote /Applications/MAMP/htdocs/home24/js/models.min.js (3.87 KB)
in 41ms
----------------
watching 7 files
================

Build 331 @ 14:20:14
wrote /Applications/MAMP/htdocs/home24/js/models.js (5.88 KB)
wrote /Applications/MAMP/htdocs/home24/js/models.min.js (3.87 KB)
in 28ms
----------------
watching 7 files
================

Build 332 @ 14:20:23
wrote /Applications/MAMP/htdocs/home24/js/models.js (5.87 KB)
wrote /Applications/MAMP/htdocs/home24/js/models.min.js (3.87 KB)
in 30ms
----------------
watching 7 files
================

Build 333 @ 14:21:8
wrote /Applications/MAMP/htdocs/home24/js/models.js (6.21 KB)
wrote /Applications/MAMP/htdocs/home24/js/models.min.js (3.90 KB)
in 43ms
----------------
watching 7 files
================

Build 334 @ 14:31:14
wrote /Applications/MAMP/htdocs/home24/js/models.js (6.21 KB)
wrote /Applications/MAMP/htdocs/home24/js/models.min.js (3.90 KB)
in 27ms
----------------
watching 7 files
================

Build 335 @ 14:31:30
wrote /Applications/MAMP/htdocs/home24/js/models.js (6.22 KB)
wrote /Applications/MAMP/htdocs/home24/js/models.min.js (3.63 KB)
in 34ms
----------------
watching 7 files
================

Build 336 @ 14:31:55
wrote /Applications/MAMP/htdocs/home24/js/models.js (5.87 KB)
wrote /Applications/MAMP/htdocs/home24/js/models.min.js (3.63 KB)
in 39ms
----------------
watching 7 files
================

Build 337 @ 14:32:0
wrote /Applications/MAMP/htdocs/home24/js/models.js (5.87 KB)
wrote /Applications/MAMP/htdocs/home24/js/models.min.js (3.63 KB)
in 36ms
----------------
watching 7 files
================

Build 338 @ 14:32:42
wrote /Applications/MAMP/htdocs/home24/js/models.js (5.87 KB)
wrote /Applications/MAMP/htdocs/home24/js/models.min.js (3.63 KB)
in 26ms
----------------
watching 7 files
================

Build 339 @ 14:32:44
wrote /Applications/MAMP/htdocs/home24/js/models.js (5.87 KB)
wrote /Applications/MAMP/htdocs/home24/js/models.min.js (3.63 KB)
in 36ms
----------------
watching 7 files
================

[WARNING] missing file /Applications/MAMP/htdocs/home24/build/css/myminishim.less
Build 359 @ 14:33:28
wrote /Applications/MAMP/htdocs/home24/css/h24.css (5.28 KB)
in 12ms
----------------
watching 7 files
================

[WARNING] missing file /Applications/MAMP/htdocs/home24/build/css/myminishim.less
Build 360 @ 14:33:55
wrote /Applications/MAMP/htdocs/home24/css/h24.css (5.27 KB)
in 12ms
----------------
watching 7 files
================

Build 252 @ 14:36:19
wrote /Applications/MAMP/htdocs/home24/js/h24.js (24.71 KB)
wrote /Applications/MAMP/htdocs/home24/js/h24.min.js (8.26 KB)
in 105ms
-----------------
watching 13 files
=================

Build 253 @ 14:36:22
wrote /Applications/MAMP/htdocs/home24/js/h24.js (24.68 KB)
wrote /Applications/MAMP/htdocs/home24/js/h24.min.js (8.25 KB)
in 130ms
-----------------
watching 13 files
=================

Build 340 @ 14:36:52
wrote /Applications/MAMP/htdocs/home24/js/models.js (5.87 KB)
wrote /Applications/MAMP/htdocs/home24/js/models.min.js (3.63 KB)
in 30ms
----------------
watching 7 files
================

[WARNING] missing file /Applications/MAMP/htdocs/home24/build/css/myminishim.less
Build 361 @ 14:39:6
wrote /Applications/MAMP/htdocs/home24/css/h24.css (5.28 KB)
in 14ms
----------------
watching 7 files
================


STARTED @ 15:01:47
[INFO] No /Applications/MAMP/htdocs/home24/build/vars.json file found
[INFO] No /Applications/MAMP/htdocs/home24/build/vars.json file found
malta v.1.0.14
malta v.1.0.14
[INFO] No /Applications/MAMP/htdocs/home24/build/vars.json file found
malta v.1.0.14
[WARNING] missing file /Applications/MAMP/htdocs/home24/build/css/myminishim.less
Build 362 @ 15:1:48
wrote /Applications/MAMP/htdocs/home24/css/h24.css (5.28 KB)
in 100ms
----------------
watching 7 files
================

Build 341 @ 15:1:48
wrote /Applications/MAMP/htdocs/home24/js/models.js (5.88 KB)
wrote /Applications/MAMP/htdocs/home24/js/models.min.js (3.64 KB)
in 143ms
----------------
watching 7 files
================

Build 254 @ 15:1:48
wrote /Applications/MAMP/htdocs/home24/js/h24.js (25.04 KB)
wrote /Applications/MAMP/htdocs/home24/js/h24.min.js (8.50 KB)
in 294ms
-----------------
watching 15 files
=================

Build 255 @ 15:1:55
wrote /Applications/MAMP/htdocs/home24/js/h24.js (25.04 KB)
wrote /Applications/MAMP/htdocs/home24/js/h24.min.js (8.50 KB)
in 197ms
-----------------
watching 15 files
=================

ENDED @ 15:02:12 
=================================
=================================
=================================

STARTED @ 15:02:18
[INFO] No /Applications/MAMP/htdocs/home24/build/vars.json file found
malta v.1.0.14
[WARNING] missing file /Applications/MAMP/htdocs/home24/build/css/myminishim.less
[INFO] No /Applications/MAMP/htdocs/home24/build/vars.json file found
malta v.1.0.14
[INFO] No /Applications/MAMP/htdocs/home24/build/vars.json file found
malta v.1.0.14
Build 363 @ 15:2:19
wrote /Applications/MAMP/htdocs/home24/css/h24.css (5.28 KB)
in 94ms
----------------
watching 7 files
================

Build 342 @ 15:2:18
wrote /Applications/MAMP/htdocs/home24/js/models.js (5.88 KB)
wrote /Applications/MAMP/htdocs/home24/js/models.min.js (3.64 KB)
in 142ms
----------------
watching 7 files
================

Build 256 @ 15:2:18
wrote /Applications/MAMP/htdocs/home24/js/h24.js (25.04 KB)
wrote /Applications/MAMP/htdocs/home24/js/h24.min.js (8.50 KB)
in 301ms
-----------------
watching 15 files
=================

Build 257 @ 15:4:22
wrote /Applications/MAMP/htdocs/home24/js/h24.js (25.07 KB)
wrote /Applications/MAMP/htdocs/home24/js/h24.min.js (8.52 KB)
in 206ms
-----------------
watching 15 files
=================

Build 258 @ 15:6:56
wrote /Applications/MAMP/htdocs/home24/js/h24.js (25.03 KB)
wrote /Applications/MAMP/htdocs/home24/js/h24.min.js (8.49 KB)
in 172ms
-----------------
watching 15 files
=================

Build 259 @ 15:6:57
wrote /Applications/MAMP/htdocs/home24/js/h24.js (25.03 KB)
wrote /Applications/MAMP/htdocs/home24/js/h24.min.js (8.49 KB)
in 175ms
-----------------
watching 15 files
=================

Build 260 @ 15:7:44
wrote /Applications/MAMP/htdocs/home24/js/h24.js (25.03 KB)
wrote /Applications/MAMP/htdocs/home24/js/h24.min.js (8.49 KB)
in 185ms
-----------------
watching 15 files
=================

Build 261 @ 15:7:46
wrote /Applications/MAMP/htdocs/home24/js/h24.js (25.07 KB)
wrote /Applications/MAMP/htdocs/home24/js/h24.min.js (8.52 KB)
in 186ms
-----------------
watching 15 files
=================

Build 262 @ 15:7:52
wrote /Applications/MAMP/htdocs/home24/js/h24.js (25.07 KB)
wrote /Applications/MAMP/htdocs/home24/js/h24.min.js (8.52 KB)
in 118ms
-----------------
watching 15 files
=================

Build 263 @ 15:7:57
wrote /Applications/MAMP/htdocs/home24/js/h24.js (25.08 KB)
wrote /Applications/MAMP/htdocs/home24/js/h24.min.js (8.53 KB)
in 144ms
-----------------
watching 15 files
=================

Build 264 @ 15:8:0
wrote /Applications/MAMP/htdocs/home24/js/h24.js (25.08 KB)
wrote /Applications/MAMP/htdocs/home24/js/h24.min.js (8.53 KB)
in 125ms
-----------------
watching 15 files
=================

Build 265 @ 15:8:7
wrote /Applications/MAMP/htdocs/home24/js/h24.js (25.08 KB)
wrote /Applications/MAMP/htdocs/home24/js/h24.min.js (8.53 KB)
in 166ms
-----------------
watching 15 files
=================

Build 266 @ 15:8:30
wrote /Applications/MAMP/htdocs/home24/js/h24.js (25.11 KB)
wrote /Applications/MAMP/htdocs/home24/js/h24.min.js (8.55 KB)
in 114ms
-----------------
watching 15 files
=================

Build 343 @ 15:9:39
wrote /Applications/MAMP/htdocs/home24/js/models.js (5.93 KB)
wrote /Applications/MAMP/htdocs/home24/js/models.min.js (3.68 KB)
in 77ms
----------------
watching 7 files
================

Build 267 @ 15:9:51
wrote /Applications/MAMP/htdocs/home24/js/h24.js (25.11 KB)
wrote /Applications/MAMP/htdocs/home24/js/h24.min.js (8.55 KB)
in 180ms
-----------------
watching 15 files
=================

Build 268 @ 15:9:54
wrote /Applications/MAMP/htdocs/home24/js/h24.js (25.11 KB)
wrote /Applications/MAMP/htdocs/home24/js/h24.min.js (8.55 KB)
in 115ms
-----------------
watching 15 files
=================

Build 269 @ 15:11:2
wrote /Applications/MAMP/htdocs/home24/js/h24.js (25.13 KB)
wrote /Applications/MAMP/htdocs/home24/js/h24.min.js (8.57 KB)
in 155ms
-----------------
watching 15 files
=================

Build 344 @ 15:12:6
wrote /Applications/MAMP/htdocs/home24/js/models.js (5.58 KB)
wrote /Applications/MAMP/htdocs/home24/js/models.min.js (3.68 KB)
in 46ms
----------------
watching 7 files
================

Build 270 @ 15:14:28
wrote /Applications/MAMP/htdocs/home24/js/h24.js (25.16 KB)
wrote /Applications/MAMP/htdocs/home24/js/h24.min.js (8.57 KB)
in 104ms
-----------------
watching 15 files
=================

Build 271 @ 15:14:35
wrote /Applications/MAMP/htdocs/home24/js/h24.js (25.16 KB)
wrote /Applications/MAMP/htdocs/home24/js/h24.min.js (8.55 KB)
in 144ms
-----------------
watching 15 files
=================

Build 272 @ 15:14:48
wrote /Applications/MAMP/htdocs/home24/js/h24.js (25.16 KB)
wrote /Applications/MAMP/htdocs/home24/js/h24.min.js (8.57 KB)
in 116ms
-----------------
watching 15 files
=================

Build 273 @ 15:15:15
wrote /Applications/MAMP/htdocs/home24/js/h24.js (25.15 KB)
wrote /Applications/MAMP/htdocs/home24/js/h24.min.js (8.57 KB)
in 118ms
-----------------
watching 15 files
=================

Build 274 @ 15:43:0
wrote /Applications/MAMP/htdocs/home24/js/h24.js (25.15 KB)
wrote /Applications/MAMP/htdocs/home24/js/h24.min.js (8.57 KB)
in 112ms
-----------------
watching 15 files
=================

Build 275 @ 15:43:20
wrote /Applications/MAMP/htdocs/home24/js/h24.js (25.15 KB)
wrote /Applications/MAMP/htdocs/home24/js/h24.min.js (8.57 KB)
in 135ms
-----------------
watching 15 files
=================

Build 276 @ 15:43:51
wrote /Applications/MAMP/htdocs/home24/js/h24.js (25.18 KB)
wrote /Applications/MAMP/htdocs/home24/js/h24.min.js (8.57 KB)
in 120ms
-----------------
watching 15 files
=================

Build 277 @ 15:44:23
wrote /Applications/MAMP/htdocs/home24/js/h24.js (25.18 KB)
wrote /Applications/MAMP/htdocs/home24/js/h24.min.js (8.56 KB)
in 142ms
-----------------
watching 15 files
=================

Build 278 @ 15:44:41
wrote /Applications/MAMP/htdocs/home24/js/h24.js (25.16 KB)
wrote /Applications/MAMP/htdocs/home24/js/h24.min.js (8.54 KB)
in 115ms
-----------------
watching 15 files
=================

Build 345 @ 16:35:5
wrote /Applications/MAMP/htdocs/home24/js/models.js (5.58 KB)
wrote /Applications/MAMP/htdocs/home24/js/models.min.js (3.68 KB)
in 40ms
----------------
watching 7 files
================

Build 279 @ 16:36:9
wrote /Applications/MAMP/htdocs/home24/js/h24.js (25.16 KB)
wrote /Applications/MAMP/htdocs/home24/js/h24.min.js (8.54 KB)
in 142ms
-----------------
watching 15 files
=================

Build 280 @ 16:36:11
wrote /Applications/MAMP/htdocs/home24/js/h24.js (25.16 KB)
wrote /Applications/MAMP/htdocs/home24/js/h24.min.js (8.54 KB)
in 113ms
-----------------
watching 15 files
=================

Build 346 @ 16:37:19
wrote /Applications/MAMP/htdocs/home24/js/models.js (5.61 KB)
wrote /Applications/MAMP/htdocs/home24/js/models.min.js (3.71 KB)
in 44ms
----------------
watching 7 files
================

Build 281 @ 16:37:30
wrote /Applications/MAMP/htdocs/home24/js/h24.js (25.18 KB)
wrote /Applications/MAMP/htdocs/home24/js/h24.min.js (8.56 KB)
in 134ms
-----------------
watching 15 files
=================

Build 282 @ 16:37:42
wrote /Applications/MAMP/htdocs/home24/js/h24.js (25.21 KB)
wrote /Applications/MAMP/htdocs/home24/js/h24.min.js (8.58 KB)
in 136ms
-----------------
watching 15 files
=================

Build 347 @ 16:38:9
wrote /Applications/MAMP/htdocs/home24/js/models.js (5.61 KB)
wrote /Applications/MAMP/htdocs/home24/js/models.min.js (3.71 KB)
in 33ms
----------------
watching 7 files
================

Build 348 @ 16:38:20
wrote /Applications/MAMP/htdocs/home24/js/models.js (5.59 KB)
wrote /Applications/MAMP/htdocs/home24/js/models.min.js (3.69 KB)
in 40ms
----------------
watching 7 files
================

Build 349 @ 16:39:4
wrote /Applications/MAMP/htdocs/home24/js/models.js (5.64 KB)
wrote /Applications/MAMP/htdocs/home24/js/models.min.js (3.73 KB)
in 44ms
----------------
watching 7 files
================

Build 350 @ 16:39:29
wrote /Applications/MAMP/htdocs/home24/js/models.js (5.69 KB)
wrote /Applications/MAMP/htdocs/home24/js/models.min.js (3.78 KB)
in 51ms
----------------
watching 7 files
================

Build 351 @ 16:39:44
wrote /Applications/MAMP/htdocs/home24/js/models.js (5.74 KB)
wrote /Applications/MAMP/htdocs/home24/js/models.min.js (3.82 KB)
in 47ms
----------------
watching 7 files
================

Build 283 @ 16:40:7
wrote /Applications/MAMP/htdocs/home24/js/h24.js (25.21 KB)
wrote /Applications/MAMP/htdocs/home24/js/h24.min.js (8.58 KB)
in 188ms
-----------------
watching 15 files
=================

Build 284 @ 16:40:15
wrote /Applications/MAMP/htdocs/home24/js/h24.js (25.21 KB)
wrote /Applications/MAMP/htdocs/home24/js/h24.min.js (8.58 KB)
in 108ms
-----------------
watching 15 files
=================

Build 285 @ 16:45:8
wrote /Applications/MAMP/htdocs/home24/js/h24.js (25.23 KB)
wrote /Applications/MAMP/htdocs/home24/js/h24.min.js (8.60 KB)
in 172ms
-----------------
watching 15 files
=================

Build 286 @ 16:46:18
wrote /Applications/MAMP/htdocs/home24/js/h24.js (25.38 KB)
wrote /Applications/MAMP/htdocs/home24/js/h24.min.js (8.72 KB)
in 122ms
-----------------
watching 15 files
=================

Build 287 @ 16:46:21
wrote /Applications/MAMP/htdocs/home24/js/h24.js (25.38 KB)
wrote /Applications/MAMP/htdocs/home24/js/h24.min.js (8.72 KB)
in 201ms
-----------------
watching 15 files
=================

Build 288 @ 16:46:38
wrote /Applications/MAMP/htdocs/home24/js/h24.js (25.38 KB)
wrote /Applications/MAMP/htdocs/home24/js/h24.min.js (8.72 KB)
in 109ms
-----------------
watching 15 files
=================

Build 289 @ 16:47:43
wrote /Applications/MAMP/htdocs/home24/js/h24.js (25.84 KB)
wrote /Applications/MAMP/htdocs/home24/js/h24.min.js (9.07 KB)
in 115ms
-----------------
watching 15 files
=================

Build 290 @ 16:49:36
wrote /Applications/MAMP/htdocs/home24/js/h24.js (25.84 KB)
wrote /Applications/MAMP/htdocs/home24/js/h24.min.js (9.07 KB)
in 183ms
-----------------
watching 15 files
=================

Build 291 @ 16:50:6
wrote /Applications/MAMP/htdocs/home24/js/h24.js (25.84 KB)
wrote /Applications/MAMP/htdocs/home24/js/h24.min.js (9.07 KB)
in 139ms
-----------------
watching 15 files
=================

Build 292 @ 16:50:17
wrote /Applications/MAMP/htdocs/home24/js/h24.js (25.84 KB)
wrote /Applications/MAMP/htdocs/home24/js/h24.min.js (9.07 KB)
in 155ms
-----------------
watching 15 files
=================

Build 293 @ 16:50:55
wrote /Applications/MAMP/htdocs/home24/js/h24.js (25.84 KB)
wrote /Applications/MAMP/htdocs/home24/js/h24.min.js (9.07 KB)
in 170ms
-----------------
watching 15 files
=================

Build 294 @ 16:51:18
wrote /Applications/MAMP/htdocs/home24/js/h24.js (25.84 KB)
wrote /Applications/MAMP/htdocs/home24/js/h24.min.js (9.07 KB)
in 140ms
-----------------
watching 15 files
=================

Build 295 @ 16:51:26
wrote /Applications/MAMP/htdocs/home24/js/h24.js (25.84 KB)
wrote /Applications/MAMP/htdocs/home24/js/h24.min.js (9.07 KB)
in 149ms
-----------------
watching 15 files
=================

Build 296 @ 16:52:7
wrote /Applications/MAMP/htdocs/home24/js/h24.js (25.84 KB)
wrote /Applications/MAMP/htdocs/home24/js/h24.min.js (9.07 KB)
in 119ms
-----------------
watching 15 files
=================

Build 297 @ 16:53:37
wrote /Applications/MAMP/htdocs/home24/js/h24.js (25.84 KB)
wrote /Applications/MAMP/htdocs/home24/js/h24.min.js (9.07 KB)
in 155ms
-----------------
watching 15 files
=================

Build 298 @ 16:54:57
wrote /Applications/MAMP/htdocs/home24/js/h24.js (25.83 KB)
wrote /Applications/MAMP/htdocs/home24/js/h24.min.js (9.07 KB)
in 114ms
-----------------
watching 15 files
=================

Build 352 @ 16:57:23
wrote /Applications/MAMP/htdocs/home24/js/models.js (5.77 KB)
wrote /Applications/MAMP/htdocs/home24/js/models.min.js (3.84 KB)
in 28ms
----------------
watching 7 files
================

Build 353 @ 16:57:31
wrote /Applications/MAMP/htdocs/home24/js/models.js (5.80 KB)
wrote /Applications/MAMP/htdocs/home24/js/models.min.js (3.87 KB)
in 44ms
----------------
watching 7 files
================

Build 299 @ 16:57:54
wrote /Applications/MAMP/htdocs/home24/js/h24.js (25.92 KB)
wrote /Applications/MAMP/htdocs/home24/js/h24.min.js (9.12 KB)
in 120ms
-----------------
watching 16 files
=================

Build 300 @ 16:58:31
wrote /Applications/MAMP/htdocs/home24/js/h24.js (25.92 KB)
wrote /Applications/MAMP/htdocs/home24/js/h24.min.js (9.12 KB)
in 108ms
-----------------
watching 16 files
=================

Build 301 @ 16:58:36
wrote /Applications/MAMP/htdocs/home24/js/h24.js (25.92 KB)
wrote /Applications/MAMP/htdocs/home24/js/h24.min.js (9.12 KB)
in 115ms
-----------------
watching 16 files
=================

Build 302 @ 16:58:51
wrote /Applications/MAMP/htdocs/home24/js/h24.js (25.92 KB)
wrote /Applications/MAMP/htdocs/home24/js/h24.min.js (9.12 KB)
in 111ms
-----------------
watching 16 files
=================

Build 354 @ 16:59:51
wrote /Applications/MAMP/htdocs/home24/js/models.js (5.85 KB)
wrote /Applications/MAMP/htdocs/home24/js/models.min.js (3.91 KB)
in 38ms
----------------
watching 7 files
================

Build 355 @ 17:0:8
wrote /Applications/MAMP/htdocs/home24/js/models.js (5.89 KB)
wrote /Applications/MAMP/htdocs/home24/js/models.min.js (3.95 KB)
in 45ms
----------------
watching 7 files
================

Build 356 @ 17:0:11
wrote /Applications/MAMP/htdocs/home24/js/models.js (5.89 KB)
wrote /Applications/MAMP/htdocs/home24/js/models.min.js (3.95 KB)
in 32ms
----------------
watching 7 files
================

Build 303 @ 17:1:32
wrote /Applications/MAMP/htdocs/home24/js/h24.js (26.09 KB)
wrote /Applications/MAMP/htdocs/home24/js/h24.min.js (9.22 KB)
in 179ms
-----------------
watching 16 files
=================

Build 304 @ 17:1:41
wrote /Applications/MAMP/htdocs/home24/js/h24.js (26.10 KB)
wrote /Applications/MAMP/htdocs/home24/js/h24.min.js (9.23 KB)
in 126ms
-----------------
watching 16 files
=================

Build 305 @ 17:2:13
wrote /Applications/MAMP/htdocs/home24/js/h24.js (26.12 KB)
wrote /Applications/MAMP/htdocs/home24/js/h24.min.js (9.25 KB)
in 121ms
-----------------
watching 16 files
=================

Build 357 @ 17:3:53
wrote /Applications/MAMP/htdocs/home24/js/models.js (5.89 KB)
wrote /Applications/MAMP/htdocs/home24/js/models.min.js (3.95 KB)
in 27ms
----------------
watching 7 files
================

Build 358 @ 17:6:53
wrote /Applications/MAMP/htdocs/home24/js/models.js (5.92 KB)
wrote /Applications/MAMP/htdocs/home24/js/models.min.js (3.95 KB)
in 30ms
----------------
watching 7 files
================

Build 359 @ 17:7:5
wrote /Applications/MAMP/htdocs/home24/js/models.js (5.97 KB)
wrote /Applications/MAMP/htdocs/home24/js/models.min.js (3.98 KB)
in 41ms
----------------
watching 7 files
================

Build 360 @ 17:7:11
wrote /Applications/MAMP/htdocs/home24/js/models.js (5.97 KB)
wrote /Applications/MAMP/htdocs/home24/js/models.min.js (3.98 KB)
in 39ms
----------------
watching 7 files
================

Build 361 @ 17:7:30
wrote /Applications/MAMP/htdocs/home24/js/models.js (5.96 KB)
wrote /Applications/MAMP/htdocs/home24/js/models.min.js (4.00 KB)
in 46ms
----------------
watching 7 files
================

Build 362 @ 17:7:58
wrote /Applications/MAMP/htdocs/home24/js/models.js (5.93 KB)
wrote /Applications/MAMP/htdocs/home24/js/models.min.js (3.97 KB)
in 41ms
----------------
watching 7 files
================

Build 363 @ 17:8:57
wrote /Applications/MAMP/htdocs/home24/js/models.js (5.93 KB)
wrote /Applications/MAMP/htdocs/home24/js/models.min.js (3.97 KB)
in 40ms
----------------
watching 7 files
================

Build 364 @ 17:9:43
wrote /Applications/MAMP/htdocs/home24/js/models.js (6.04 KB)
wrote /Applications/MAMP/htdocs/home24/js/models.min.js (4.06 KB)
in 35ms
----------------
watching 7 files
================

Build 365 @ 17:9:44
wrote /Applications/MAMP/htdocs/home24/js/models.js (6.03 KB)
wrote /Applications/MAMP/htdocs/home24/js/models.min.js (4.06 KB)
in 34ms
----------------
watching 7 files
================

Build 306 @ 17:10:21
wrote /Applications/MAMP/htdocs/home24/js/h24.js (26.12 KB)
wrote /Applications/MAMP/htdocs/home24/js/h24.min.js (9.25 KB)
in 109ms
-----------------
watching 16 files
=================

Build 366 @ 17:10:24
wrote /Applications/MAMP/htdocs/home24/js/models.js (6.02 KB)
wrote /Applications/MAMP/htdocs/home24/js/models.min.js (4.05 KB)
in 30ms
----------------
watching 7 files
================

Build 367 @ 17:16:59
wrote /Applications/MAMP/htdocs/home24/js/models.js (6.02 KB)
wrote /Applications/MAMP/htdocs/home24/js/models.min.js (4.05 KB)
in 46ms
----------------
watching 7 files
================

Build 368 @ 17:17:51
wrote /Applications/MAMP/htdocs/home24/js/models.js (6.02 KB)
wrote /Applications/MAMP/htdocs/home24/js/models.min.js (4.05 KB)
in 36ms
----------------
watching 7 files
================

Build 369 @ 17:19:10
wrote /Applications/MAMP/htdocs/home24/js/models.js (6.02 KB)
wrote /Applications/MAMP/htdocs/home24/js/models.min.js (4.05 KB)
in 50ms
----------------
watching 7 files
================

Build 370 @ 17:19:27
wrote /Applications/MAMP/htdocs/home24/js/models.js (6.02 KB)
wrote /Applications/MAMP/htdocs/home24/js/models.min.js (4.05 KB)
in 43ms
----------------
watching 7 files
================

Build 371 @ 17:19:28
wrote /Applications/MAMP/htdocs/home24/js/models.js (6.02 KB)
wrote /Applications/MAMP/htdocs/home24/js/models.min.js (4.05 KB)
in 73ms
----------------
watching 7 files
================

Build 372 @ 17:19:51
wrote /Applications/MAMP/htdocs/home24/js/models.js (6.02 KB)
wrote /Applications/MAMP/htdocs/home24/js/models.min.js (4.05 KB)
in 30ms
----------------
watching 7 files
================

Build 373 @ 17:20:10
wrote /Applications/MAMP/htdocs/home24/js/models.js (6.02 KB)
wrote /Applications/MAMP/htdocs/home24/js/models.min.js (4.05 KB)
in 30ms
----------------
watching 7 files
================

Build 374 @ 17:20:12
wrote /Applications/MAMP/htdocs/home24/js/models.js (6.02 KB)
wrote /Applications/MAMP/htdocs/home24/js/models.min.js (4.05 KB)
in 32ms
----------------
watching 7 files
================

Build 375 @ 17:20:38
wrote /Applications/MAMP/htdocs/home24/js/models.js (6.02 KB)
wrote /Applications/MAMP/htdocs/home24/js/models.min.js (4.05 KB)
in 29ms
----------------
watching 7 files
================


STARTED @ 21:12:24
[INFO] No /Applications/MAMP/htdocs/home24/build/vars.json file found
[INFO] No /Applications/MAMP/htdocs/home24/build/vars.json file found
malta v.1.0.14
malta v.1.0.14
[INFO] No /Applications/MAMP/htdocs/home24/build/vars.json file found
malta v.1.0.14
[WARNING] missing file /Applications/MAMP/htdocs/home24/build/css/myminishim.less
Build 364 @ 21:12:24
wrote /Applications/MAMP/htdocs/home24/css/h24.css (5.28 KB)
in 104ms
----------------
watching 7 files
================

Build 376 @ 21:12:24
wrote /Applications/MAMP/htdocs/home24/js/models.js (6.02 KB)
wrote /Applications/MAMP/htdocs/home24/js/models.min.js (4.05 KB)
in 140ms
----------------
watching 7 files
================

Build 307 @ 21:12:24
wrote /Applications/MAMP/htdocs/home24/js/h24.js (26.12 KB)
wrote /Applications/MAMP/htdocs/home24/js/h24.min.js (9.25 KB)
in 291ms
-----------------
watching 16 files
=================

Build 308 @ 21:20:44
wrote /Applications/MAMP/htdocs/home24/js/h24.js (28.21 KB)
wrote /Applications/MAMP/htdocs/home24/js/h24.min.js (10.03 KB)
in 228ms
-----------------
watching 17 files
=================

Build 309 @ 21:21:36
wrote /Applications/MAMP/htdocs/home24/js/h24.js (28.01 KB)
wrote /Applications/MAMP/htdocs/home24/js/h24.min.js (9.88 KB)
in 209ms
-----------------
watching 17 files
=================

Build 310 @ 21:21:45
wrote /Applications/MAMP/htdocs/home24/js/h24.js (27.79 KB)
wrote /Applications/MAMP/htdocs/home24/js/h24.min.js (9.72 KB)
in 142ms
-----------------
watching 17 files
=================

Build 311 @ 21:24:51
wrote /Applications/MAMP/htdocs/home24/js/h24.js (27.81 KB)
wrote /Applications/MAMP/htdocs/home24/js/h24.min.js (9.74 KB)
in 160ms
-----------------
watching 17 files
=================

Build 312 @ 21:25:18
wrote /Applications/MAMP/htdocs/home24/js/h24.js (27.82 KB)
wrote /Applications/MAMP/htdocs/home24/js/h24.min.js (9.75 KB)
in 201ms
-----------------
watching 17 files
=================

Build 313 @ 21:38:34
wrote /Applications/MAMP/htdocs/home24/js/h24.js (27.79 KB)
wrote /Applications/MAMP/htdocs/home24/js/h24.min.js (9.70 KB)
in 115ms
-----------------
watching 17 files
=================

Build 314 @ 21:38:35
wrote /Applications/MAMP/htdocs/home24/js/h24.js (27.79 KB)
wrote /Applications/MAMP/htdocs/home24/js/h24.min.js (9.70 KB)
in 128ms
-----------------
watching 17 files
=================

Build 315 @ 21:49:28
wrote /Applications/MAMP/htdocs/home24/js/h24.js (27.79 KB)
wrote /Applications/MAMP/htdocs/home24/js/h24.min.js (9.70 KB)
in 134ms
-----------------
watching 17 files
=================

Build 316 @ 21:49:29
wrote /Applications/MAMP/htdocs/home24/js/h24.js (27.79 KB)
wrote /Applications/MAMP/htdocs/home24/js/h24.min.js (9.70 KB)
in 113ms
-----------------
watching 17 files
=================

Build 317 @ 21:49:33
wrote /Applications/MAMP/htdocs/home24/js/h24.js (27.79 KB)
wrote /Applications/MAMP/htdocs/home24/js/h24.min.js (9.70 KB)
in 145ms
-----------------
watching 17 files
=================

[WARNING] missing file /Applications/MAMP/htdocs/home24/build/css/myminishim.less
Build 365 @ 21:51:44
wrote /Applications/MAMP/htdocs/home24/css/h24.css (5.32 KB)
in 24ms
----------------
watching 7 files
================

[WARNING] missing file /Applications/MAMP/htdocs/home24/build/css/myminishim.less
Build 366 @ 21:52:37
wrote /Applications/MAMP/htdocs/home24/css/h24.css (5.32 KB)
in 25ms
----------------
watching 7 files
================

[WARNING] missing file /Applications/MAMP/htdocs/home24/build/css/myminishim.less
Build 367 @ 21:52:49
wrote /Applications/MAMP/htdocs/home24/css/h24.css (5.34 KB)
in 19ms
----------------
watching 7 files
================

Build 318 @ 21:57:1
wrote /Applications/MAMP/htdocs/home24/js/h24.js (28.55 KB)
wrote /Applications/MAMP/htdocs/home24/js/h24.min.js (10.23 KB)
in 168ms
-----------------
watching 17 files
=================

Build 319 @ 21:57:35
wrote /Applications/MAMP/htdocs/home24/js/h24.js (28.52 KB)
wrote /Applications/MAMP/htdocs/home24/js/h24.min.js (10.19 KB)
in 125ms
-----------------
watching 17 files
=================

Build 320 @ 21:57:36
wrote /Applications/MAMP/htdocs/home24/js/h24.js (28.52 KB)
wrote /Applications/MAMP/htdocs/home24/js/h24.min.js (10.19 KB)
in 127ms
-----------------
watching 17 files
=================

Build 377 @ 22:1:31
wrote /Applications/MAMP/htdocs/home24/js/models.js (6.02 KB)
wrote /Applications/MAMP/htdocs/home24/js/models.min.js (4.05 KB)
in 62ms
----------------
watching 7 files
================

Build 378 @ 22:1:41
wrote /Applications/MAMP/htdocs/home24/js/models.js (6.02 KB)
wrote /Applications/MAMP/htdocs/home24/js/models.min.js (4.05 KB)
in 42ms
----------------
watching 7 files
================

Build 379 @ 22:1:56
wrote /Applications/MAMP/htdocs/home24/js/models.js (6.02 KB)
wrote /Applications/MAMP/htdocs/home24/js/models.min.js (4.05 KB)
in 73ms
----------------
watching 7 files
================

[WARNING] missing file /Applications/MAMP/htdocs/home24/build/css/myminishim.less
Build 368 @ 22:3:8
wrote /Applications/MAMP/htdocs/home24/css/h24.css (5.34 KB)
in 15ms
----------------
watching 7 files
================

Build 321 @ 22:5:40
wrote /Applications/MAMP/htdocs/home24/js/h24.js (27.91 KB)
wrote /Applications/MAMP/htdocs/home24/js/h24.min.js (10.07 KB)
in 120ms
-----------------
watching 17 files
=================

Build 322 @ 22:6:33
wrote /Applications/MAMP/htdocs/home24/js/h24.js (25.61 KB)
wrote /Applications/MAMP/htdocs/home24/js/h24.min.js (9.51 KB)
in 159ms
-----------------
watching 17 files
=================

Build 323 @ 22:6:36
wrote /Applications/MAMP/htdocs/home24/js/h24.js (25.61 KB)
wrote /Applications/MAMP/htdocs/home24/js/h24.min.js (9.51 KB)
in 114ms
-----------------
watching 17 files
=================

Build 324 @ 22:7:8
wrote /Applications/MAMP/htdocs/home24/js/h24.js (25.53 KB)
wrote /Applications/MAMP/htdocs/home24/js/h24.min.js (9.51 KB)
in 158ms
-----------------
watching 17 files
=================

Build 325 @ 22:7:14
wrote /Applications/MAMP/htdocs/home24/js/h24.js (25.39 KB)
wrote /Applications/MAMP/htdocs/home24/js/h24.min.js (9.51 KB)
in 141ms
-----------------
watching 17 files
=================

Build 326 @ 22:7:16
wrote /Applications/MAMP/htdocs/home24/js/h24.js (25.39 KB)
wrote /Applications/MAMP/htdocs/home24/js/h24.min.js (9.51 KB)
in 114ms
-----------------
watching 17 files
=================

Build 327 @ 22:7:29
wrote /Applications/MAMP/htdocs/home24/js/h24.js (25.53 KB)
wrote /Applications/MAMP/htdocs/home24/js/h24.min.js (9.51 KB)
in 117ms
-----------------
watching 17 files
=================

Build 328 @ 22:7:56
wrote /Applications/MAMP/htdocs/home24/js/h24.js (25.53 KB)
wrote /Applications/MAMP/htdocs/home24/js/h24.min.js (9.50 KB)
in 125ms
-----------------
watching 17 files
=================

Build 329 @ 22:8:14
wrote /Applications/MAMP/htdocs/home24/js/h24.js (25.52 KB)
wrote /Applications/MAMP/htdocs/home24/js/h24.min.js (9.50 KB)
in 129ms
-----------------
watching 17 files
=================

Build 330 @ 22:8:54
wrote /Applications/MAMP/htdocs/home24/js/h24.js (25.52 KB)
wrote /Applications/MAMP/htdocs/home24/js/h24.min.js (9.50 KB)
in 115ms
-----------------
watching 17 files
=================

[WARNING] missing file /Applications/MAMP/htdocs/home24/build/css/myminishim.less
Build 369 @ 22:13:37
wrote /Applications/MAMP/htdocs/home24/css/h24.css (5.41 KB)
in 21ms
----------------
watching 7 files
================

[WARNING] missing file /Applications/MAMP/htdocs/home24/build/css/myminishim.less
Build 370 @ 22:15:42
wrote /Applications/MAMP/htdocs/home24/css/h24.css (5.47 KB)
in 28ms
----------------
watching 7 files
================

[WARNING] missing file /Applications/MAMP/htdocs/home24/build/css/myminishim.less
Build 371 @ 22:16:59
wrote /Applications/MAMP/htdocs/home24/css/h24.css (5.45 KB)
in 11ms
----------------
watching 7 files
================

[WARNING] missing file /Applications/MAMP/htdocs/home24/build/css/myminishim.less
Build 372 @ 22:17:38
wrote /Applications/MAMP/htdocs/home24/css/h24.css (5.45 KB)
in 17ms
----------------
watching 7 files
================

Build 331 @ 22:19:23
wrote /Applications/MAMP/htdocs/home24/js/h24.js (25.38 KB)
wrote /Applications/MAMP/htdocs/home24/js/h24.min.js (9.50 KB)
in 103ms
-----------------
watching 17 files
=================

Build 332 @ 22:20:1
wrote /Applications/MAMP/htdocs/home24/js/h24.js (25.37 KB)
wrote /Applications/MAMP/htdocs/home24/js/h24.min.js (9.50 KB)
in 143ms
-----------------
watching 17 files
=================

Build 333 @ 22:20:6
wrote /Applications/MAMP/htdocs/home24/js/h24.js (25.37 KB)
wrote /Applications/MAMP/htdocs/home24/js/h24.min.js (9.50 KB)
in 115ms
-----------------
watching 17 files
=================

Build 334 @ 22:20:8
wrote /Applications/MAMP/htdocs/home24/js/h24.js (25.37 KB)
wrote /Applications/MAMP/htdocs/home24/js/h24.min.js (9.50 KB)
in 121ms
-----------------
watching 17 files
=================

Build 335 @ 22:22:27
wrote /Applications/MAMP/htdocs/home24/js/h24.js (25.44 KB)
wrote /Applications/MAMP/htdocs/home24/js/h24.min.js (9.50 KB)
in 187ms
-----------------
watching 17 files
=================

Build 336 @ 22:23:19
wrote /Applications/MAMP/htdocs/home24/js/h24.js (25.52 KB)
wrote /Applications/MAMP/htdocs/home24/js/h24.min.js (9.50 KB)
in 172ms
-----------------
watching 17 files
=================

Build 337 @ 22:28:59
wrote /Applications/MAMP/htdocs/home24/js/h24.js (24.77 KB)
wrote /Applications/MAMP/htdocs/home24/js/h24.min.js (9.14 KB)
in 99ms
-----------------
watching 17 files
=================

Build 338 @ 22:29:48
wrote /Applications/MAMP/htdocs/home24/js/h24.js (24.79 KB)
wrote /Applications/MAMP/htdocs/home24/js/h24.min.js (9.14 KB)
in 131ms
-----------------
watching 17 files
=================

Build 339 @ 22:31:14
wrote /Applications/MAMP/htdocs/home24/js/h24.js (24.94 KB)
wrote /Applications/MAMP/htdocs/home24/js/h24.min.js (9.14 KB)
in 115ms
-----------------
watching 17 files
=================

Build 340 @ 22:32:48
wrote /Applications/MAMP/htdocs/home24/js/h24.js (25.13 KB)
wrote /Applications/MAMP/htdocs/home24/js/h24.min.js (9.14 KB)
in 130ms
-----------------
watching 17 files
=================

Build 341 @ 22:32:55
wrote /Applications/MAMP/htdocs/home24/js/h24.js (25.13 KB)
wrote /Applications/MAMP/htdocs/home24/js/h24.min.js (9.14 KB)
in 113ms
-----------------
watching 17 files
=================

Build 342 @ 22:33:49
wrote /Applications/MAMP/htdocs/home24/js/h24.js (25.24 KB)
wrote /Applications/MAMP/htdocs/home24/js/h24.min.js (9.14 KB)
in 137ms
-----------------
watching 17 files
=================

Build 343 @ 22:36:17
wrote /Applications/MAMP/htdocs/home24/js/h24.js (25.52 KB)
wrote /Applications/MAMP/htdocs/home24/js/h24.min.js (9.13 KB)
in 158ms
-----------------
watching 17 files
=================

Build 344 @ 22:36:27
wrote /Applications/MAMP/htdocs/home24/js/h24.js (25.51 KB)
wrote /Applications/MAMP/htdocs/home24/js/h24.min.js (9.13 KB)
in 142ms
-----------------
watching 17 files
=================

Build 345 @ 22:36:32
wrote /Applications/MAMP/htdocs/home24/js/h24.js (25.52 KB)
wrote /Applications/MAMP/htdocs/home24/js/h24.min.js (9.13 KB)
in 122ms
-----------------
watching 17 files
=================

Build 346 @ 22:37:59
wrote /Applications/MAMP/htdocs/home24/js/h24.js (25.68 KB)
wrote /Applications/MAMP/htdocs/home24/js/h24.min.js (9.13 KB)
in 143ms
-----------------
watching 17 files
=================

Build 347 @ 22:38:0
wrote /Applications/MAMP/htdocs/home24/js/h24.js (25.68 KB)
wrote /Applications/MAMP/htdocs/home24/js/h24.min.js (9.13 KB)
in 169ms
-----------------
watching 17 files
=================

Build 348 @ 22:38:22
wrote /Applications/MAMP/htdocs/home24/js/h24.js (25.08 KB)
wrote /Applications/MAMP/htdocs/home24/js/h24.min.js (9.13 KB)
in 142ms
-----------------
watching 17 files
=================

Build 349 @ 22:38:41
wrote /Applications/MAMP/htdocs/home24/js/h24.js (24.84 KB)
wrote /Applications/MAMP/htdocs/home24/js/h24.min.js (9.05 KB)
in 131ms
-----------------
watching 17 files
=================

Build 350 @ 22:38:42
wrote /Applications/MAMP/htdocs/home24/js/h24.js (24.84 KB)
wrote /Applications/MAMP/htdocs/home24/js/h24.min.js (9.05 KB)
in 121ms
-----------------
watching 17 files
=================

Build 351 @ 22:40:59
wrote /Applications/MAMP/htdocs/home24/js/h24.js (24.95 KB)
wrote /Applications/MAMP/htdocs/home24/js/h24.min.js (9.05 KB)
in 116ms
-----------------
watching 17 files
=================

Build 352 @ 22:42:9
wrote /Applications/MAMP/htdocs/home24/js/h24.js (25.03 KB)
wrote /Applications/MAMP/htdocs/home24/js/h24.min.js (9.05 KB)
in 134ms
-----------------
watching 17 files
=================

Build 353 @ 22:44:10
wrote /Applications/MAMP/htdocs/home24/js/h24.js (25.05 KB)
wrote /Applications/MAMP/htdocs/home24/js/h24.min.js (9.07 KB)
in 153ms
-----------------
watching 17 files
=================

Build 354 @ 22:45:0
wrote /Applications/MAMP/htdocs/home24/js/h24.js (25.07 KB)
wrote /Applications/MAMP/htdocs/home24/js/h24.min.js (9.07 KB)
in 134ms
-----------------
watching 17 files
=================

Build 355 @ 22:45:13
wrote /Applications/MAMP/htdocs/home24/js/h24.js (25.10 KB)
wrote /Applications/MAMP/htdocs/home24/js/h24.min.js (9.09 KB)
in 106ms
-----------------
watching 17 files
=================

Build 356 @ 22:45:43
wrote /Applications/MAMP/htdocs/home24/js/h24.js (25.09 KB)
wrote /Applications/MAMP/htdocs/home24/js/h24.min.js (9.09 KB)
in 148ms
-----------------
watching 17 files
=================

Build 357 @ 22:45:49
wrote /Applications/MAMP/htdocs/home24/js/h24.js (25.09 KB)
wrote /Applications/MAMP/htdocs/home24/js/h24.min.js (9.09 KB)
in 149ms
-----------------
watching 17 files
=================

Build 358 @ 22:45:56
wrote /Applications/MAMP/htdocs/home24/js/h24.js (25.06 KB)
wrote /Applications/MAMP/htdocs/home24/js/h24.min.js (9.07 KB)
in 122ms
-----------------
watching 17 files
=================

Build 359 @ 22:46:26
wrote /Applications/MAMP/htdocs/home24/js/h24.js (25.09 KB)
wrote /Applications/MAMP/htdocs/home24/js/h24.min.js (9.07 KB)
in 109ms
-----------------
watching 17 files
=================

Build 360 @ 22:46:42
wrote /Applications/MAMP/htdocs/home24/js/h24.js (25.08 KB)
wrote /Applications/MAMP/htdocs/home24/js/h24.min.js (9.07 KB)
in 135ms
-----------------
watching 17 files
=================

Build 361 @ 22:46:53
wrote /Applications/MAMP/htdocs/home24/js/h24.js (25.09 KB)
wrote /Applications/MAMP/htdocs/home24/js/h24.min.js (9.07 KB)
in 110ms
-----------------
watching 17 files
=================

Build 362 @ 22:47:7
wrote /Applications/MAMP/htdocs/home24/js/h24.js (25.07 KB)
wrote /Applications/MAMP/htdocs/home24/js/h24.min.js (9.07 KB)
in 109ms
-----------------
watching 17 files
=================

Build 363 @ 22:47:11
wrote /Applications/MAMP/htdocs/home24/js/h24.js (25.07 KB)
wrote /Applications/MAMP/htdocs/home24/js/h24.min.js (9.07 KB)
in 155ms
-----------------
watching 17 files
=================

Build 364 @ 22:47:48
wrote /Applications/MAMP/htdocs/home24/js/h24.js (25.14 KB)
wrote /Applications/MAMP/htdocs/home24/js/h24.min.js (9.07 KB)
in 143ms
-----------------
watching 17 files
=================

Build 365 @ 22:51:55
wrote /Applications/MAMP/htdocs/home24/js/h24.js (25.92 KB)
wrote /Applications/MAMP/htdocs/home24/js/h24.min.js (9.07 KB)
in 142ms
-----------------
watching 17 files
=================

Build 366 @ 22:53:7
wrote /Applications/MAMP/htdocs/home24/js/h24.js (26.00 KB)
wrote /Applications/MAMP/htdocs/home24/js/h24.min.js (9.07 KB)
in 134ms
-----------------
watching 17 files
=================

Build 367 @ 22:53:13
wrote /Applications/MAMP/htdocs/home24/js/h24.js (26.00 KB)
wrote /Applications/MAMP/htdocs/home24/js/h24.min.js (9.07 KB)
in 136ms
-----------------
watching 17 files
=================

Build 368 @ 22:53:30
wrote /Applications/MAMP/htdocs/home24/js/h24.js (25.98 KB)
wrote /Applications/MAMP/htdocs/home24/js/h24.min.js (9.07 KB)
in 106ms
-----------------
watching 17 files
=================

Build 369 @ 22:53:41
wrote /Applications/MAMP/htdocs/home24/js/h24.js (25.98 KB)
wrote /Applications/MAMP/htdocs/home24/js/h24.min.js (9.07 KB)
in 118ms
-----------------
watching 17 files
=================

Build 370 @ 22:53:43
wrote /Applications/MAMP/htdocs/home24/js/h24.js (25.97 KB)
wrote /Applications/MAMP/htdocs/home24/js/h24.min.js (9.07 KB)
in 123ms
-----------------
watching 17 files
=================

Build 371 @ 22:53:47
wrote /Applications/MAMP/htdocs/home24/js/h24.js (25.97 KB)
wrote /Applications/MAMP/htdocs/home24/js/h24.min.js (9.07 KB)
in 161ms
-----------------
watching 17 files
=================

Build 372 @ 22:54:25
wrote /Applications/MAMP/htdocs/home24/js/h24.js (26.13 KB)
wrote /Applications/MAMP/htdocs/home24/js/h24.min.js (9.07 KB)
in 109ms
-----------------
watching 17 files
=================

Build 373 @ 22:55:25
wrote /Applications/MAMP/htdocs/home24/js/h24.js (26.17 KB)
wrote /Applications/MAMP/htdocs/home24/js/h24.min.js (9.07 KB)
in 159ms
-----------------
watching 17 files
=================

Build 374 @ 22:59:12
wrote /Applications/MAMP/htdocs/home24/js/h24.js (26.63 KB)
wrote /Applications/MAMP/htdocs/home24/js/h24.min.js (9.07 KB)
in 110ms
-----------------
watching 17 files
=================

Build 375 @ 23:5:48
wrote /Applications/MAMP/htdocs/home24/js/h24.js (26.91 KB)
wrote /Applications/MAMP/htdocs/home24/js/h24.min.js (9.07 KB)
in 116ms
-----------------
watching 17 files
=================

Build 376 @ 23:6:40
wrote /Applications/MAMP/htdocs/home24/js/h24.js (26.95 KB)
wrote /Applications/MAMP/htdocs/home24/js/h24.min.js (9.07 KB)
in 140ms
-----------------
watching 17 files
=================

Build 377 @ 23:7:45
wrote /Applications/MAMP/htdocs/home24/js/h24.js (27.03 KB)
wrote /Applications/MAMP/htdocs/home24/js/h24.min.js (9.07 KB)
in 156ms
-----------------
watching 17 files
=================

Build 378 @ 23:9:17
wrote /Applications/MAMP/htdocs/home24/js/h24.js (27.18 KB)
wrote /Applications/MAMP/htdocs/home24/js/h24.min.js (9.07 KB)
in 113ms
-----------------
watching 17 files
=================

[PARSE ERROR: uglify] Unexpected token: punc ()) @816 maybe on /Applications/MAMP/htdocs/home24/build/js/lib/pubsub.js
[WARN: Minified version skipped]
Build 379 @ 23:10:12
wrote /Applications/MAMP/htdocs/home24/js/h24.js (27.20 KB)
in 33ms
-----------------
watching 17 files
=================

Build 380 @ 23:10:16
wrote /Applications/MAMP/htdocs/home24/js/h24.js (27.19 KB)
wrote /Applications/MAMP/htdocs/home24/js/h24.min.js (9.09 KB)
in 163ms
-----------------
watching 17 files
=================

Build 381 @ 23:10:21
wrote /Applications/MAMP/htdocs/home24/js/h24.js (27.19 KB)
wrote /Applications/MAMP/htdocs/home24/js/h24.min.js (9.09 KB)
in 108ms
-----------------
watching 17 files
=================

Build 382 @ 23:10:26
wrote /Applications/MAMP/htdocs/home24/js/h24.js (27.19 KB)
wrote /Applications/MAMP/htdocs/home24/js/h24.min.js (9.09 KB)
in 109ms
-----------------
watching 17 files
=================

Build 383 @ 23:15:2
wrote /Applications/MAMP/htdocs/home24/js/h24.js (27.53 KB)
wrote /Applications/MAMP/htdocs/home24/js/h24.min.js (9.08 KB)
in 106ms
-----------------
watching 17 files
=================

Build 384 @ 23:16:1
wrote /Applications/MAMP/htdocs/home24/js/h24.js (27.70 KB)
wrote /Applications/MAMP/htdocs/home24/js/h24.min.js (9.08 KB)
in 120ms
-----------------
watching 17 files
=================

Build 385 @ 23:16:46
wrote /Applications/MAMP/htdocs/home24/js/h24.js (27.68 KB)
wrote /Applications/MAMP/htdocs/home24/js/h24.min.js (9.08 KB)
in 160ms
-----------------
watching 17 files
=================

Build 386 @ 23:17:57
wrote /Applications/MAMP/htdocs/home24/js/h24.js (27.77 KB)
wrote /Applications/MAMP/htdocs/home24/js/h24.min.js (9.08 KB)
in 110ms
-----------------
watching 17 files
=================

Build 387 @ 23:17:59
wrote /Applications/MAMP/htdocs/home24/js/h24.js (27.77 KB)
wrote /Applications/MAMP/htdocs/home24/js/h24.min.js (9.08 KB)
in 154ms
-----------------
watching 17 files
=================

Build 388 @ 23:18:1
wrote /Applications/MAMP/htdocs/home24/js/h24.js (27.77 KB)
wrote /Applications/MAMP/htdocs/home24/js/h24.min.js (9.08 KB)
in 143ms
-----------------
watching 17 files
=================

Build 389 @ 23:18:2
wrote /Applications/MAMP/htdocs/home24/js/h24.js (27.77 KB)
wrote /Applications/MAMP/htdocs/home24/js/h24.min.js (9.08 KB)
in 137ms
-----------------
watching 17 files
=================

Build 390 @ 23:18:3
wrote /Applications/MAMP/htdocs/home24/js/h24.js (27.77 KB)
wrote /Applications/MAMP/htdocs/home24/js/h24.min.js (9.08 KB)
in 177ms
-----------------
watching 17 files
=================

Build 391 @ 23:20:47
wrote /Applications/MAMP/htdocs/home24/js/h24.js (28.23 KB)
wrote /Applications/MAMP/htdocs/home24/js/h24.min.js (9.08 KB)
in 163ms
-----------------
watching 17 files
=================

Build 392 @ 23:22:56
wrote /Applications/MAMP/htdocs/home24/js/h24.js (27.94 KB)
wrote /Applications/MAMP/htdocs/home24/js/h24.min.js (8.95 KB)
in 102ms
-----------------
watching 17 files
=================

Build 393 @ 23:22:59
wrote /Applications/MAMP/htdocs/home24/js/h24.js (27.94 KB)
wrote /Applications/MAMP/htdocs/home24/js/h24.min.js (8.95 KB)
in 147ms
-----------------
watching 17 files
=================

Build 394 @ 23:26:24
wrote /Applications/MAMP/htdocs/home24/js/h24.js (28.36 KB)
wrote /Applications/MAMP/htdocs/home24/js/h24.min.js (8.95 KB)
in 144ms
-----------------
watching 17 files
=================

Build 395 @ 23:27:46
wrote /Applications/MAMP/htdocs/home24/js/h24.js (28.35 KB)
wrote /Applications/MAMP/htdocs/home24/js/h24.min.js (8.95 KB)
in 123ms
-----------------
watching 17 files
=================

Build 396 @ 23:28:2
wrote /Applications/MAMP/htdocs/home24/js/h24.js (28.36 KB)
wrote /Applications/MAMP/htdocs/home24/js/h24.min.js (8.96 KB)
in 106ms
-----------------
watching 17 files
=================

Build 397 @ 23:30:24
wrote /Applications/MAMP/htdocs/home24/js/h24.js (28.47 KB)
wrote /Applications/MAMP/htdocs/home24/js/h24.min.js (8.96 KB)
in 134ms
-----------------
watching 17 files
=================

Build 398 @ 23:30:26
wrote /Applications/MAMP/htdocs/home24/js/h24.js (28.47 KB)
wrote /Applications/MAMP/htdocs/home24/js/h24.min.js (8.96 KB)
in 107ms
-----------------
watching 17 files
=================

Build 399 @ 23:31:12
wrote /Applications/MAMP/htdocs/home24/js/h24.js (28.57 KB)
wrote /Applications/MAMP/htdocs/home24/js/h24.min.js (8.96 KB)
in 114ms
-----------------
watching 17 files
=================

Build 380 @ 23:32:47
wrote /Applications/MAMP/htdocs/home24/js/models.js (6.56 KB)
wrote /Applications/MAMP/htdocs/home24/js/models.min.js (4.48 KB)
in 42ms
----------------
watching 7 files
================

Build 381 @ 23:33:12
wrote /Applications/MAMP/htdocs/home24/js/models.js (6.01 KB)
wrote /Applications/MAMP/htdocs/home24/js/models.min.js (4.09 KB)
in 32ms
----------------
watching 7 files
================

Build 382 @ 23:33:29
wrote /Applications/MAMP/htdocs/home24/js/models.js (6.03 KB)
wrote /Applications/MAMP/htdocs/home24/js/models.min.js (4.09 KB)
in 40ms
----------------
watching 7 files
================

Build 383 @ 23:34:24
wrote /Applications/MAMP/htdocs/home24/js/models.js (6.03 KB)
wrote /Applications/MAMP/htdocs/home24/js/models.min.js (4.09 KB)
in 42ms
----------------
watching 7 files
================

Build 384 @ 23:34:45
wrote /Applications/MAMP/htdocs/home24/js/models.js (6.03 KB)
wrote /Applications/MAMP/htdocs/home24/js/models.min.js (4.09 KB)
in 44ms
----------------
watching 7 files
================

Build 385 @ 23:35:58
wrote /Applications/MAMP/htdocs/home24/js/models.js (6.03 KB)
wrote /Applications/MAMP/htdocs/home24/js/models.min.js (4.07 KB)
in 29ms
----------------
watching 7 files
================

Build 386 @ 23:36:36
wrote /Applications/MAMP/htdocs/home24/js/models.js (6.04 KB)
wrote /Applications/MAMP/htdocs/home24/js/models.min.js (4.09 KB)
in 38ms
----------------
watching 7 files
================

Build 387 @ 23:36:42
wrote /Applications/MAMP/htdocs/home24/js/models.js (6.04 KB)
wrote /Applications/MAMP/htdocs/home24/js/models.min.js (4.09 KB)
in 31ms
----------------
watching 7 files
================

Build 388 @ 23:36:45
wrote /Applications/MAMP/htdocs/home24/js/models.js (6.04 KB)
wrote /Applications/MAMP/htdocs/home24/js/models.min.js (4.09 KB)
in 36ms
----------------
watching 7 files
================

Build 389 @ 23:37:12
wrote /Applications/MAMP/htdocs/home24/js/models.js (6.02 KB)
wrote /Applications/MAMP/htdocs/home24/js/models.min.js (4.09 KB)
in 48ms
----------------
watching 7 files
================

Build 390 @ 23:37:46
wrote /Applications/MAMP/htdocs/home24/js/models.js (6.12 KB)
wrote /Applications/MAMP/htdocs/home24/js/models.min.js (4.09 KB)
in 30ms
----------------
watching 7 files
================

Build 391 @ 23:41:54
wrote /Applications/MAMP/htdocs/home24/js/models.js (6.18 KB)
wrote /Applications/MAMP/htdocs/home24/js/models.min.js (4.09 KB)
in 32ms
----------------
watching 7 files
================

Build 392 @ 23:43:8
wrote /Applications/MAMP/htdocs/home24/js/models.js (6.29 KB)
wrote /Applications/MAMP/htdocs/home24/js/models.min.js (4.09 KB)
in 33ms
----------------
watching 7 files
================

Build 393 @ 23:43:14
wrote /Applications/MAMP/htdocs/home24/js/models.js (6.29 KB)
wrote /Applications/MAMP/htdocs/home24/js/models.min.js (4.09 KB)
in 46ms
----------------
watching 7 files
================

Build 394 @ 23:45:53
wrote /Applications/MAMP/htdocs/home24/js/models.js (6.52 KB)
wrote /Applications/MAMP/htdocs/home24/js/models.min.js (4.09 KB)
in 80ms
----------------
watching 7 files
================

Build 395 @ 23:48:47
wrote /Applications/MAMP/htdocs/home24/js/models.js (6.68 KB)
wrote /Applications/MAMP/htdocs/home24/js/models.min.js (4.09 KB)
in 33ms
----------------
watching 7 files
================

Build 396 @ 23:49:18
wrote /Applications/MAMP/htdocs/home24/js/models.js (6.78 KB)
wrote /Applications/MAMP/htdocs/home24/js/models.min.js (4.09 KB)
in 29ms
----------------
watching 7 files
================

Build 397 @ 23:49:28
wrote /Applications/MAMP/htdocs/home24/js/models.js (6.79 KB)
wrote /Applications/MAMP/htdocs/home24/js/models.min.js (4.09 KB)
in 47ms
----------------
watching 7 files
================

Build 398 @ 23:50:39
wrote /Applications/MAMP/htdocs/home24/js/models.js (6.87 KB)
wrote /Applications/MAMP/htdocs/home24/js/models.min.js (4.09 KB)
in 32ms
----------------
watching 7 files
================

Build 399 @ 23:50:47
wrote /Applications/MAMP/htdocs/home24/js/models.js (6.88 KB)
wrote /Applications/MAMP/htdocs/home24/js/models.min.js (4.09 KB)
in 44ms
----------------
watching 7 files
================

Build 400 @ 23:53:28
wrote /Applications/MAMP/htdocs/home24/js/models.js (7.16 KB)
wrote /Applications/MAMP/htdocs/home24/js/models.min.js (4.09 KB)
in 43ms
----------------
watching 7 files
================

Build 401 @ 23:54:6
wrote /Applications/MAMP/htdocs/home24/js/models.js (7.26 KB)
wrote /Applications/MAMP/htdocs/home24/js/models.min.js (4.09 KB)
in 37ms
----------------
watching 7 files
================

Build 402 @ 23:56:48
wrote /Applications/MAMP/htdocs/home24/js/models.js (7.51 KB)
wrote /Applications/MAMP/htdocs/home24/js/models.min.js (4.09 KB)
in 48ms
----------------
watching 7 files
================

Build 403 @ 23:57:2
wrote /Applications/MAMP/htdocs/home24/js/models.js (7.57 KB)
wrote /Applications/MAMP/htdocs/home24/js/models.min.js (4.09 KB)
in 46ms
----------------
watching 7 files
================

Build 404 @ 23:57:6
wrote /Applications/MAMP/htdocs/home24/js/models.js (7.57 KB)
wrote /Applications/MAMP/htdocs/home24/js/models.min.js (4.09 KB)
in 48ms
----------------
watching 7 files
================

Build 400 @ 23:59:43
wrote /Applications/MAMP/htdocs/home24/js/h24.js (28.59 KB)
wrote /Applications/MAMP/htdocs/home24/js/h24.min.js (8.95 KB)
in 105ms
-----------------
watching 17 files
=================

Build 401 @ 23:59:44
wrote /Applications/MAMP/htdocs/home24/js/h24.js (28.59 KB)
wrote /Applications/MAMP/htdocs/home24/js/h24.min.js (8.95 KB)
in 109ms
-----------------
watching 17 files
=================

Build 402 @ 23:59:54
wrote /Applications/MAMP/htdocs/home24/js/h24.js (28.59 KB)
wrote /Applications/MAMP/htdocs/home24/js/h24.min.js (8.95 KB)
in 151ms
-----------------
watching 17 files
=================

Build 403 @ 23:59:56
wrote /Applications/MAMP/htdocs/home24/js/h24.js (28.59 KB)
wrote /Applications/MAMP/htdocs/home24/js/h24.min.js (8.95 KB)
in 159ms
-----------------
watching 17 files
=================

Build 404 @ 0:0:3
wrote /Applications/MAMP/htdocs/home24/js/h24.js (28.59 KB)
wrote /Applications/MAMP/htdocs/home24/js/h24.min.js (8.95 KB)
in 195ms
-----------------
watching 17 files
=================

Build 405 @ 0:0:7
wrote /Applications/MAMP/htdocs/home24/js/h24.js (28.59 KB)
wrote /Applications/MAMP/htdocs/home24/js/h24.min.js (8.95 KB)
in 108ms
-----------------
watching 17 files
=================

Build 405 @ 0:0:35
wrote /Applications/MAMP/htdocs/home24/js/models.js (7.70 KB)
wrote /Applications/MAMP/htdocs/home24/js/models.min.js (4.09 KB)
in 32ms
----------------
watching 7 files
================

Build 406 @ 0:1:20
wrote /Applications/MAMP/htdocs/home24/js/models.js (7.77 KB)
wrote /Applications/MAMP/htdocs/home24/js/models.min.js (4.09 KB)
in 34ms
----------------
watching 7 files
================

Build 407 @ 0:1:28
wrote /Applications/MAMP/htdocs/home24/js/models.js (7.77 KB)
wrote /Applications/MAMP/htdocs/home24/js/models.min.js (4.09 KB)
in 30ms
----------------
watching 7 files
================

Build 408 @ 0:3:20
wrote /Applications/MAMP/htdocs/home24/js/models.js (7.81 KB)
wrote /Applications/MAMP/htdocs/home24/js/models.min.js (4.09 KB)
in 38ms
----------------
watching 7 files
================

Build 409 @ 0:5:15
wrote /Applications/MAMP/htdocs/home24/js/models.js (7.81 KB)
wrote /Applications/MAMP/htdocs/home24/js/models.min.js (4.09 KB)
in 33ms
----------------
watching 7 files
================

Build 410 @ 0:5:42
wrote /Applications/MAMP/htdocs/home24/js/models.js (7.86 KB)
wrote /Applications/MAMP/htdocs/home24/js/models.min.js (4.09 KB)
in 44ms
----------------
watching 7 files
================

Build 411 @ 0:6:0
wrote /Applications/MAMP/htdocs/home24/js/models.js (7.86 KB)
wrote /Applications/MAMP/htdocs/home24/js/models.min.js (4.09 KB)
in 34ms
----------------
watching 7 files
================

Build 412 @ 0:7:50
wrote /Applications/MAMP/htdocs/home24/js/models.js (7.96 KB)
wrote /Applications/MAMP/htdocs/home24/js/models.min.js (4.09 KB)
in 42ms
----------------
watching 7 files
================

Build 413 @ 0:7:53
wrote /Applications/MAMP/htdocs/home24/js/models.js (7.96 KB)
wrote /Applications/MAMP/htdocs/home24/js/models.min.js (4.09 KB)
in 39ms
----------------
watching 7 files
================

Build 414 @ 0:8:0
wrote /Applications/MAMP/htdocs/home24/js/models.js (7.96 KB)
wrote /Applications/MAMP/htdocs/home24/js/models.min.js (4.09 KB)
in 33ms
----------------
watching 7 files
================

Build 415 @ 0:8:9
wrote /Applications/MAMP/htdocs/home24/js/models.js (7.96 KB)
wrote /Applications/MAMP/htdocs/home24/js/models.min.js (4.09 KB)
in 42ms
----------------
watching 7 files
================

Build 416 @ 0:8:19
wrote /Applications/MAMP/htdocs/home24/js/models.js (7.96 KB)
wrote /Applications/MAMP/htdocs/home24/js/models.min.js (4.09 KB)
in 31ms
----------------
watching 7 files
================

Build 417 @ 0:14:27
wrote /Applications/MAMP/htdocs/home24/js/models.js (8.11 KB)
wrote /Applications/MAMP/htdocs/home24/js/models.min.js (4.09 KB)
in 30ms
----------------
watching 7 files
================

Build 418 @ 0:14:28
wrote /Applications/MAMP/htdocs/home24/js/models.js (8.11 KB)
wrote /Applications/MAMP/htdocs/home24/js/models.min.js (4.09 KB)
in 43ms
----------------
watching 7 files
================

Build 419 @ 0:14:30
wrote /Applications/MAMP/htdocs/home24/js/models.js (8.11 KB)
wrote /Applications/MAMP/htdocs/home24/js/models.min.js (4.09 KB)
in 36ms
----------------
watching 7 files
================

Build 420 @ 0:14:32
wrote /Applications/MAMP/htdocs/home24/js/models.js (8.11 KB)
wrote /Applications/MAMP/htdocs/home24/js/models.min.js (4.09 KB)
in 31ms
----------------
watching 7 files
================

Build 421 @ 0:17:36
wrote /Applications/MAMP/htdocs/home24/js/models.js (8.40 KB)
wrote /Applications/MAMP/htdocs/home24/js/models.min.js (4.09 KB)
in 47ms
----------------
watching 7 files
================

Build 422 @ 0:17:58
wrote /Applications/MAMP/htdocs/home24/js/models.js (8.42 KB)
wrote /Applications/MAMP/htdocs/home24/js/models.min.js (4.09 KB)
in 33ms
----------------
watching 7 files
================

Build 423 @ 0:19:56
wrote /Applications/MAMP/htdocs/home24/js/models.js (8.65 KB)
wrote /Applications/MAMP/htdocs/home24/js/models.min.js (3.95 KB)
in 30ms
----------------
watching 7 files
================

Build 424 @ 0:20:8
wrote /Applications/MAMP/htdocs/home24/js/models.js (8.65 KB)
wrote /Applications/MAMP/htdocs/home24/js/models.min.js (4.09 KB)
in 35ms
----------------
watching 7 files
================

Build 425 @ 0:20:50
wrote /Applications/MAMP/htdocs/home24/js/models.js (8.69 KB)
wrote /Applications/MAMP/htdocs/home24/js/models.min.js (4.09 KB)
in 32ms
----------------
watching 7 files
================

Build 426 @ 0:21:14
wrote /Applications/MAMP/htdocs/home24/js/models.js (8.69 KB)
wrote /Applications/MAMP/htdocs/home24/js/models.min.js (4.09 KB)
in 34ms
----------------
watching 7 files
================

Build 427 @ 0:21:18
wrote /Applications/MAMP/htdocs/home24/js/models.js (8.69 KB)
wrote /Applications/MAMP/htdocs/home24/js/models.min.js (4.09 KB)
in 33ms
----------------
watching 7 files
================

Build 406 @ 0:35:10
wrote /Applications/MAMP/htdocs/home24/js/h24.js (28.56 KB)
wrote /Applications/MAMP/htdocs/home24/js/h24.min.js (8.91 KB)
in 103ms
-----------------
watching 17 files
=================

Build 407 @ 0:35:21
wrote /Applications/MAMP/htdocs/home24/js/h24.js (28.57 KB)
wrote /Applications/MAMP/htdocs/home24/js/h24.min.js (8.92 KB)
in 111ms
-----------------
watching 17 files
=================

